<?xml version="1.0" encoding="UTF-8"?>
<!-- Generated by org.testng.reporters.JUnitReportReporter -->
<testsuite hostname="Rams-iMac-4.local" failures="0" tests="1" name="com.inetbanking.testCases.TC_AddCustomerTest_003" time="15.483" errors="0" timestamp="18 Oct 2021 13:43:53 GMT" skipped="0">
  <testcase classname="com.inetbanking.testCases.TC_AddCustomerTest_003" name="addNewCustomer" time="15.483"/>
</testsuite> <!-- com.inetbanking.testCases.TC_AddCustomerTest_003 -->
