<?xml version="1.0" encoding="UTF-8"?>
<!-- Generated by org.testng.reporters.JUnitReportReporter -->
<testsuite hostname="Rams-iMac-4.local" failures="0" tests="1" name="com.inetbanking.testCases.TC_LoginTest_001" time="4.473" errors="0" timestamp="18 Oct 2021 13:43:53 GMT" skipped="0">
  <testcase classname="com.inetbanking.testCases.TC_LoginTest_001" name="loginTest" time="4.473"/>
</testsuite> <!-- com.inetbanking.testCases.TC_LoginTest_001 -->
